<?xml version="1.0" encoding="UTF-8"?>
<!-- Generated by org.testng.reporters.JUnitReportReporter -->
<testsuite hostname="HP-VPR" name="com.javacodegeeks.testng.reports.TestClass4" tests="2" failures="0" timestamp="8 Dec 2020 23:22:12 GMT" time="0.001" errors="0">
  <testcase name="e2" time="0.000" classname="com.javacodegeeks.testng.reports.TestClass4"/>
  <testcase name="e1" time="0.001" classname="com.javacodegeeks.testng.reports.TestClass4"/>
</testsuite> <!-- com.javacodegeeks.testng.reports.TestClass4 -->
